<?xml version="1.0" encoding="UTF-8"?>
<testsuite xmlns:xsi="http://www.w3.org/2001/XMLSchema-instance" xsi:noNamespaceSchemaLocation="https://maven.apache.org/surefire/maven-surefire-plugin/xsd/surefire-test-report-3.0.xsd" version="3.0" name="TestSuite" time="47.833" tests="1" errors="0" skipped="0" failures="0">
  <properties>
[...]
</properties>
  <testcase name="testScrapeMonitorProducts" classname="tests.HamrobazaarTest" time="41.853">
    <system-out><![CDATA[
======================================================================================================================================================
Title                                    Description                                        Price           Condition    Posted Date     Seller              
======================================================================================================================================================
Yamaha HS3 Powered Studio Monitor In ... Packaging: Pair 2-way bass-refiex powered speak... रू. 1           Brand New    10 months ago   Nepal Music Gallery 
Digital Blood Pressure Monitor           Accurate digital blood pressure monitor with LC... रू. 69          Brand New    23 days ago     Stdnepal.Com        
ASUS TUF GAMING MONITOR                  TUF Gaming Series 5 - VG34WQML5A gaming monitor... रू. 87          Brand New    6 months ago    Pulse Laptop Care   
12V 1A Adapter/Charger For Router, LC... new adapter if u are interested direct contact ... रू. 199         Brand New    2 years ago     Ayush Poudel        
Mini DisplayPort To VGA Monitor Adapter  We are here to help! If you're facing any hardw... N/A             N/A          N/A             N/A                 
======================================================================================================================================================
]]></system-out>
    <system-err><![CDATA[SLF4J(W): No SLF4J providers were found.
SLF4J(W): Defaulting to no-operation (NOP) logger implementation
SLF4J(W): See https://www.slf4j.org/codes.html#noProviders for further details.
]]></system-err>
  </testcase>
</testsuite>