<?xml version="1.0" encoding="UTF-8"?>
<testsuite xmlns:xsi="http://www.w3.org/2001/XMLSchema-instance" xsi:noNamespaceSchemaLocation="https://maven.apache.org/surefire/maven-surefire-plugin/xsd/surefire-test-report-3.0.xsd" version="3.0" name="TestSuite" time="77.745" tests="1" errors="0" skipped="0" failures="0">
  <properties>
[...]
</properties>
  <testcase name="testScrapeMonitorProducts" classname="tests.HamrobazaarTest" time="73.274">
    <system-out><![CDATA[
======================================================================================================================================================
Title                                    Description                                        Price           Condition    Posted Date     Seller              
======================================================================================================================================================
Yamaha HS3 Powered Studio Monitor In ... Packaging: Pair 2-way bass-refiex powered speak... 1               Brand New    10 months ago   Nepal Music Gallery 
Digital Blood Pressure Monitor           Accurate digital blood pressure monitor with LC... 69              Brand New    25 days ago     Stdnepal.Com        
ASUS TUF GAMING MONITOR                  TUF Gaming Series 5 - VG34WQML5A gaming monitor... 87              Brand New    6 months ago    Pulse Laptop Care   
12V 1A Adapter/Charger For Router, LC... new adapter if u are interested direct contact ... 199             Brand New    2 years ago     Ayush Poudel        
Old Monitor On Sell                      old model tara kehi bigreko chaina,majja le cha... 1,100           Used         28 days ago     Sarobi Enterprises  
UNV HB-4022-E Wall Mount Bracket For ... Model HB-4022-E Dimension（W×H×D） 140mm×120mm×42... 1,249           Brand New    1 years ago     Enroz Store         
Desk Mount Bracket For 55" Monitor HB... Desk Mount Bracket for 55" Monitor Dimensions :... 1,250           Brand New    1 years ago     Rhythm Kala Suppl...
Mini DisplayPort To VGA Monitor Adapter  We are here to help! If you're facing any hardw... 1,500           Brand New    8 months ago    A2z It Care         
Teckin Smart WiFi 16A SA Plug With En... Teckin Smart WiFi 16A SA Plug With Energy Monitor  1,550           Brand New    2 years ago     ONLINE EXPRESS      
Curved RGB Monitor Light 60cm            Hign-in-the-Kind Chemist None color Black Use D... 3,500           Not Working  1 years ago     Technoholic Nepal   
LED Monitor Light 60cm                   Plug I Smart device node Features LED Desk Lamp... 3,500           Not Working  1 years ago     Technoholic Nepal   
17 Inch Led Monitor                      SAMSUNG MONITOR synkmaster SA 100                  3,500           Used         27 days ago     Pawan BajracharyA   
NB North Bayou Monitor Arm Monitor St... NB North Bayou Monitor Arm Monitor Stand Monito... 3,500           Brand New    2 years ago     Rhythm Kala Suppl...
TS 2300 IN EAR MONITOR TAKSTAR           Takstar TS-2300 Blue In-Ear Monitor Earphones B... 3,500           Brand New    5 months ago    Soulsound           
NB F80 MONITOR RACK BLACK                Mounting Type :Desk mount Movement Type :Articu... 4,500           Brand New    7 months ago    Gaming House Nepal  
Dell 19.5 Inch Monitor                   Dell 19.5 inch monitor Diagonal Size 19.5 Resol... 4,500           Like New     8 months ago    Shreyan Office Sy...
ZILLIAN TEC MONITOR 17"                  Brand: Zillion Model: ZL1701 (17" Monitor 4:3) ... 4,500           Brand New    2 years ago     Informix Technolo...
NB SINGLE Monitor Desk Mount Stand Fo... NB North Bayou Monitor Desk Mount Stand Full Mo... 4,500           Brand New    2 years ago     Tech Store          
15 Inch Hitech Led Monitor With VGA &... Monitor Size : 15 inch FHD Monitor Viewing Angl... 4,500           Brand New    2 years ago     New One IT Store    
NB North Bayou Single Monitor Arm        NB North Bayou Monitor Desk Mount Stand Full Mo... 4,999           Brand New    2 years ago     Gadget House Nepal  
19" Inch Monitor HITech HDMI & VGA Po... Brand : HI-Tech Size : 19 Inch Ports : HDMI , V... 5,000           Brand New    6 months ago    NewRoad Pashal      
DIY Wooden Studio Monitor Stands (Pai... Selling a pair of custom-built wooden studio mo... 5,000           Like New     4 months ago    Prajwol             
Hitech 15.6" LED Monitor With HDMI An... Screen Size: 15.6 inch (39.6 cm) Connectivity P... 5,000           Brand New    3 years ago     Technoholic Nepal   
Hitech 19 Inc Monitor                    1 year warrenty                                    5,000           Brand New    11 months ago   Golden Vision Tra...
Zillion 17″ HD LED Monitor               Brand: Zillion Model: ZL1701 (17" Monitor 4:3) ... 5,800           Brand New    3 years ago     Gadget House Nepal  
New 19inch Monitor                       FRONTECH 19 Inch HD LED Monitor | Refresh Rate ... 5,850           Brand New    4 months ago    Kts IT Trade And ...
Monitor , CCTV,Phone PaBx System Sale... we sales and support CCTV system and security P... 5,880           Brand New    5 months ago    Electronic & CCTV...
INTEX 22" MONITOR NORMAL                 Panel Type: VA Panel Screen Resolution Type: 10... 5,900           Brand New    6 days ago      AAGYA TRADING       
Hitech 22inch Led Monitor                Hi tech 22inch led monitor vga port and hdmi       5,999           Brand New    2 years ago     Sagar Rijal         
19 Inch Monitor                          19 inch monitor best quality whatsapp 9851102809   6,500           Brand New    3 years ago     Total It Center     
HITECH 22'' Inch Monitor At Wholesale... HiTech 22 inch FHD Monitor 6 Month Warranty Ful... 6,599           Brand New    9 months ago    Electronics Whole...
20 Inch Flat Panel Monitor               Resoulation: 1440*900 Display Color: 16.7M Gros... 6,700           Brand New    3 years ago     JujuKart            
Intex LED Hdmi HD Monitor 22" IT-2401    Intex LED Monitor 22 Inch IT-2401 1) HD Display... 6,700           Brand New    5 months ago    Kante Techlonogy    
NB North Bayou Dual Monitor Desk Moun... NB North Bayou Dual Monitor Desk Mount Stand Fu... 6,800           Brand New    2 years ago     Gadget House Nepal  
Hitech 22 Inch Monitor HDMI VGA Port     Full HD Monitor Pannel Size: 22 inch 473.76×296... 8,499           Brand New    2 years ago     Mr.Deals            
Zillion Digital Monitor                  Zillion digital monitor 18.5 inch                  8,500           Brand New    2 years ago     Laptop And Access...
INTEX 22" FRAMELESS MONITOR WITH SPEAKER 22" FRAMELESS FHD MONITOR 100HZ REFRESH RATE       8,500           Brand New    6 days ago      AAGYA TRADING       
NB F160 MONITOR RACK BLACK WITH USB      color Black products status New private mold Ye... 8,500           Brand New    7 months ago    Gaming House Nepal  
Huntkey 22" Full HD Boarderless Monit... - 21.5" Screen Size - 1920x 1080p Full HD Resol... 10,500          Brand New    1 years ago     USoft Store         
24 Inch LCD Monitor TV - Asus 24T1E      The Asus 24T1E is an LCD TV/monitor hybrid that... 10,500          Used         2 months ago    MJNBZ               
Hikvision 22 Inc FHD Borderless Monitor  Ultra-thin device body with ultra-thin border f... 10,500          Brand New    9 months ago    Golden Vision Tra...
Hitech Led Computer Monitor 22" Hdmi ... Product details of LED computer Monitor 22" Inc... 10,500          Brand New    4 years ago     Rhythm Kala Suppl...
DAHUA Dhi Lm22 A201yf Monitor            Display: 21.45" IPS panel with LED backlight Re... 10,588          Brand New    7 months ago    BYTE TECH           
Mi Xiaomi A22I 21.4" Fhd Monitor         Screen size -21.45" Maximum resolution-1920 x 1... 12,000          Brand New    11 months ago   ITSupplies Pasal    
Akg K92 Closed-Back Monitor Headphones   Tech Specs: Open/Closed:Closed Fit Style: Circu... 12,000          Brand New    2 years ago     Guitar Zone Gongabu 
Acer Monitor Led 20" Brand New On Sale   ACER LED 20" !!! CALL US FOR BEST PRICE Digital... 12,000          Brand New    6 years ago     Birendra Shrestha   
Uniarch 22" LED FHD Monitor MW3222-L     22" LED FHD Monitor 1 MW3222-L Display Type : L... 12,000          Brand New    1 years ago     Rhythm Kala Suppl...
Gaming Monitor                           gaming monitor whatsapp 9851102809                 13,500          Brand New    6 months ago    Total It Center     
Gaming Monitor 144hz And 100hz           gaming monitor whatsapp 9851102809                 13,500          Brand New    7 months ago    Total It Center     
Xiaomi-Monitor-A22i                      Specifications Product model A22FAB-RAGL Power ... 14,999          Brand New    2 years ago     Technoholic Nepal   
======================================================================================================================================================
]]></system-out>
    <system-err><![CDATA[SLF4J(W): No SLF4J providers were found.
SLF4J(W): Defaulting to no-operation (NOP) logger implementation
SLF4J(W): See https://www.slf4j.org/codes.html#noProviders for further details.
]]></system-err>
  </testcase>
</testsuite>